[27656:27656:0426/110224.273987:WARNING:chrome_main_delegate.cc(594)] This is Chrome version 112.0.5615.49 (not a warning)
[27656:27656:0426/110224.402438:WARNING:chrome_browser_cloud_management_controller.cc(87)] Could not create policy manager as CBCM is not enabled.
[27656:27656:0426/110224.565048:ERROR:chrome_browser_cloud_management_controller.cc(162)] Cloud management controller initialization aborted as CBCM is not enabled.
[27656:27656:0426/110224.571721:WARNING:account_consistency_mode_manager.cc(70)] Desktop Identity Consistency cannot be enabled as no OAuth client ID and client secret have been configured.
[27770:27770:0426/110224.731095:WARNING:sandbox_linux.cc(393)] InitializeSandbox() called with multiple threads in process gpu-process.
[27770:27770:0426/110224.736875:ERROR:gbm_wrapper.cc(255)] Failed to export buffer to dma_buf: No such file or directory (2)
[27770:27770:0426/110224.737027:ERROR:gbm_wrapper.cc(255)] Failed to export buffer to dma_buf: No such file or directory (2)
[27770:27770:0426/110224.737149:ERROR:gbm_wrapper.cc(255)] Failed to export buffer to dma_buf: No such file or directory (2)
[27770:27770:0426/110224.737251:ERROR:gbm_wrapper.cc(255)] Failed to export buffer to dma_buf: No such file or directory (2)
[27770:27770:0426/110224.737352:ERROR:gbm_wrapper.cc(255)] Failed to export buffer to dma_buf: No such file or directory (2)
[27770:27770:0426/110224.737464:ERROR:gbm_wrapper.cc(255)] Failed to export buffer to dma_buf: No such file or directory (2)
[27770:27770:0426/110224.737564:ERROR:gbm_wrapper.cc(255)] Failed to export buffer to dma_buf: No such file or directory (2)
[27770:27770:0426/110224.737663:ERROR:gbm_wrapper.cc(255)] Failed to export buffer to dma_buf: No such file or directory (2)
[27770:27770:0426/110224.737761:ERROR:gbm_wrapper.cc(255)] Failed to export buffer to dma_buf: No such file or directory (2)
[27770:27770:0426/110224.737859:ERROR:gbm_wrapper.cc(255)] Failed to export buffer to dma_buf: No such file or directory (2)
[27770:27770:0426/110224.737960:ERROR:gbm_wrapper.cc(255)] Failed to export buffer to dma_buf: No such file or directory (2)
[27770:27770:0426/110224.738151:ERROR:gbm_wrapper.cc(255)] Failed to export buffer to dma_buf: No such file or directory (2)
[27770:27770:0426/110224.738274:ERROR:gbm_wrapper.cc(255)] Failed to export buffer to dma_buf: No such file or directory (2)
[27770:27770:0426/110224.738376:ERROR:gbm_wrapper.cc(255)] Failed to export buffer to dma_buf: No such file or directory (2)
[27770:27770:0426/110224.738498:ERROR:gbm_wrapper.cc(255)] Failed to export buffer to dma_buf: No such file or directory (2)
[27770:27770:0426/110224.738589:ERROR:gbm_wrapper.cc(255)] Failed to export buffer to dma_buf: No such file or directory (2)
[27770:27770:0426/110224.738816:ERROR:gbm_wrapper.cc(255)] Failed to export buffer to dma_buf: No such file or directory (2)
[27770:27770:0426/110224.738910:ERROR:gbm_wrapper.cc(255)] Failed to export buffer to dma_buf: No such file or directory (2)
[27770:27770:0426/110224.738998:ERROR:gbm_wrapper.cc(255)] Failed to export buffer to dma_buf: No such file or directory (2)
[27770:27770:0426/110224.739086:ERROR:gbm_wrapper.cc(255)] Failed to export buffer to dma_buf: No such file or directory (2)
[27770:27770:0426/110224.739193:ERROR:gbm_wrapper.cc(255)] Failed to export buffer to dma_buf: No such file or directory (2)
[27770:27770:0426/110224.739294:ERROR:gbm_wrapper.cc(255)] Failed to export buffer to dma_buf: No such file or directory (2)
[27770:27770:0426/110224.739393:ERROR:gbm_wrapper.cc(255)] Failed to export buffer to dma_buf: No such file or directory (2)
[27770:27770:0426/110224.739486:ERROR:gbm_wrapper.cc(255)] Failed to export buffer to dma_buf: No such file or directory (2)
[27770:27770:0426/110224.739587:ERROR:gbm_wrapper.cc(255)] Failed to export buffer to dma_buf: No such file or directory (2)
[27770:27770:0426/110224.739676:ERROR:gbm_wrapper.cc(255)] Failed to export buffer to dma_buf: No such file or directory (2)
[27770:27770:0426/110224.739762:ERROR:gbm_wrapper.cc(255)] Failed to export buffer to dma_buf: No such file or directory (2)
[27770:27770:0426/110224.739862:ERROR:gbm_wrapper.cc(255)] Failed to export buffer to dma_buf: No such file or directory (2)
[27770:27770:0426/110224.739955:ERROR:gbm_wrapper.cc(255)] Failed to export buffer to dma_buf: No such file or directory (2)
[27770:27770:0426/110224.740042:ERROR:gbm_wrapper.cc(255)] Failed to export buffer to dma_buf: No such file or directory (2)
[27770:27770:0426/110224.740131:ERROR:gbm_wrapper.cc(255)] Failed to export buffer to dma_buf: No such file or directory (2)
[27770:27770:0426/110224.740223:ERROR:gbm_wrapper.cc(255)] Failed to export buffer to dma_buf: No such file or directory (2)
[27770:27770:0426/110224.740310:ERROR:gbm_wrapper.cc(255)] Failed to export buffer to dma_buf: No such file or directory (2)
[27770:27770:0426/110224.740408:ERROR:gbm_wrapper.cc(255)] Failed to export buffer to dma_buf: No such file or directory (2)
[27770:27770:0426/110224.740507:ERROR:gbm_wrapper.cc(255)] Failed to export buffer to dma_buf: No such file or directory (2)
[27770:27770:0426/110224.740634:ERROR:gbm_wrapper.cc(255)] Failed to export buffer to dma_buf: No such file or directory (2)
[27770:27770:0426/110224.740730:ERROR:gbm_wrapper.cc(255)] Failed to export buffer to dma_buf: No such file or directory (2)
[27770:27770:0426/110224.740823:ERROR:gbm_wrapper.cc(255)] Failed to export buffer to dma_buf: No such file or directory (2)
[27770:27770:0426/110224.740911:ERROR:gbm_wrapper.cc(255)] Failed to export buffer to dma_buf: No such file or directory (2)
[27770:27770:0426/110224.740998:ERROR:gbm_wrapper.cc(255)] Failed to export buffer to dma_buf: No such file or directory (2)
[27656:27656:0426/110224.814021:WARNING:bluez_dbus_manager.cc(247)] Floss manager not present, cannot set Floss enable/disable.
[27770:27770:0426/110225.441580:ERROR:shared_image_manager.cc(199)] SharedImageManager::ProduceSkia: Trying to Produce a Skia representation from a non-existent mailbox.
[27770:27770:0426/110225.442900:ERROR:shared_image_manager.cc(199)] SharedImageManager::ProduceSkia: Trying to Produce a Skia representation from a non-existent mailbox.
[27770:27770:0426/110225.443648:ERROR:shared_image_manager.cc(199)] SharedImageManager::ProduceSkia: Trying to Produce a Skia representation from a non-existent mailbox.
[27770:27770:0426/110225.444389:ERROR:shared_image_manager.cc(199)] SharedImageManager::ProduceSkia: Trying to Produce a Skia representation from a non-existent mailbox.
[27770:27770:0426/110225.444715:ERROR:shared_image_manager.cc(199)] SharedImageManager::ProduceSkia: Trying to Produce a Skia representation from a non-existent mailbox.
[27771:27796:0426/110234.663775:WARNING:sqlite_persistent_store_backend_base.cc(159)] Failed to post task from FlushAndNotifyInBackground@net/extras/sqlite/sqlite_persistent_store_backend_base.cc:207 to client_task_runner_.
[27771:27796:0426/110234.663913:WARNING:sqlite_persistent_store_backend_base.cc(159)] Failed to post task from FlushAndNotifyInBackground@net/extras/sqlite/sqlite_persistent_store_backend_base.cc:207 to client_task_runner_.
[27656:27656:0426/110234.701341:WARNING:pref_notifier_impl.cc(41)] Pref observer for media_router.cast_allow_all_ips found at shutdown.
